<?xml version="1.0" encoding="UTF-8"?>
<testng-results ignored="0" total="2" passed="2" failed="0" skipped="0">
  <reporter-output>
  </reporter-output>
  <suite started-at="2025-06-13T10:13:53 EDT" name="Suite" finished-at="2025-06-13T10:14:09 EDT" duration-ms="16491">
    <groups>
    </groups>
    <test started-at="2025-06-13T10:13:53 EDT" name="Test" finished-at="2025-06-13T10:14:09 EDT" duration-ms="16491">
      <class name="com.tests.RegisterTest">
        <test-method is-config="true" signature="setUp()[pri:0, instance:com.tests.RegisterTest@2766ca9d]" started-at="2025-06-13T10:14:02 EDT" name="setUp" finished-at="2025-06-13T10:14:06 EDT" duration-ms="4363" status="PASS">
          <reporter-output>
          </reporter-output>
        </test-method> <!-- setUp -->
        <test-method signature="registerTest()[pri:0, instance:com.tests.RegisterTest@2766ca9d]" started-at="2025-06-13T10:14:06 EDT" name="registerTest" finished-at="2025-06-13T10:14:09 EDT" duration-ms="2816" status="PASS">
          <reporter-output>
          </reporter-output>
        </test-method> <!-- registerTest -->
        <test-method is-config="true" signature="tearDown()[pri:0, instance:com.tests.RegisterTest@2766ca9d]" started-at="2025-06-13T10:14:09 EDT" name="tearDown" finished-at="2025-06-13T10:14:09 EDT" duration-ms="161" status="PASS">
          <reporter-output>
          </reporter-output>
        </test-method> <!-- tearDown -->
      </class> <!-- com.tests.RegisterTest -->
      <class name="com.tests.LoginTest">
        <test-method is-config="true" signature="setUp()[pri:0, instance:com.tests.LoginTest@e57b96d]" started-at="2025-06-13T10:13:53 EDT" name="setUp" finished-at="2025-06-13T10:13:59 EDT" duration-ms="5989" status="PASS">
          <reporter-output>
          </reporter-output>
        </test-method> <!-- setUp -->
        <test-method signature="login()[pri:0, instance:com.tests.LoginTest@e57b96d]" started-at="2025-06-13T10:13:59 EDT" name="login" finished-at="2025-06-13T10:14:02 EDT" duration-ms="2868" status="PASS">
          <reporter-output>
          </reporter-output>
        </test-method> <!-- login -->
        <test-method is-config="true" signature="tearDown()[pri:0, instance:com.tests.LoginTest@e57b96d]" started-at="2025-06-13T10:14:02 EDT" name="tearDown" finished-at="2025-06-13T10:14:02 EDT" duration-ms="184" status="PASS">
          <reporter-output>
          </reporter-output>
        </test-method> <!-- tearDown -->
      </class> <!-- com.tests.LoginTest -->
    </test> <!-- Test -->
  </suite> <!-- Suite -->
</testng-results>
