<?xml version="1.0" encoding="UTF-8"?>
<testng-results ignored="0" total="2" passed="2" failed="0" skipped="0">
  <reporter-output>
  </reporter-output>
  <suite started-at="2025-06-14T20:40:53 EDT" name="Default suite" finished-at="2025-06-14T20:41:14 EDT" duration-ms="20549">
    <groups>
    </groups>
    <test started-at="2025-06-14T20:40:53 EDT" name="Default test" finished-at="2025-06-14T20:41:14 EDT" duration-ms="20549">
      <class name="com.tests.AddItemAndVerifyTest">
        <test-method is-config="true" signature="setUp()[pri:0, instance:com.tests.AddItemAndVerifyTest@626abbd0]" started-at="2025-06-14T20:40:53 EDT" name="setUp" finished-at="2025-06-14T20:41:00 EDT" duration-ms="6649" status="PASS">
          <reporter-output>
          </reporter-output>
        </test-method> <!-- setUp -->
        <test-method signature="login()[pri:1, instance:com.tests.AddItemAndVerifyTest@626abbd0]" started-at="2025-06-14T20:41:00 EDT" name="login" finished-at="2025-06-14T20:41:05 EDT" duration-ms="4589" status="PASS">
          <reporter-output>
          </reporter-output>
        </test-method> <!-- login -->
        <test-method signature="searchAndAddProductTocart()[pri:2, instance:com.tests.AddItemAndVerifyTest@626abbd0]" started-at="2025-06-14T20:41:05 EDT" name="searchAndAddProductTocart" finished-at="2025-06-14T20:41:13 EDT" duration-ms="8482" status="PASS">
          <reporter-output>
          </reporter-output>
        </test-method> <!-- searchAndAddProductTocart -->
        <test-method is-config="true" signature="tearDown()[pri:0, instance:com.tests.AddItemAndVerifyTest@626abbd0]" started-at="2025-06-14T20:41:13 EDT" name="tearDown" finished-at="2025-06-14T20:41:14 EDT" duration-ms="432" status="PASS">
          <reporter-output>
          </reporter-output>
        </test-method> <!-- tearDown -->
      </class> <!-- com.tests.AddItemAndVerifyTest -->
    </test> <!-- Default test -->
  </suite> <!-- Default suite -->
</testng-results>
