<?xml version="1.0" encoding="UTF-8"?>
<testng-results ignored="0" total="2" passed="2" failed="0" skipped="0">
  <reporter-output>
  </reporter-output>
  <suite started-at="2025-06-12T14:09:24 EDT" name="Suite" finished-at="2025-06-12T14:09:41 EDT" duration-ms="16529">
    <groups>
    </groups>
    <test started-at="2025-06-12T14:09:24 EDT" name="Test" finished-at="2025-06-12T14:09:41 EDT" duration-ms="16529">
      <class name="com.tests.RegisterTest">
        <test-method is-config="true" signature="setUp()[pri:0, instance:com.tests.RegisterTest@79351f41]" started-at="2025-06-12T14:09:34 EDT" name="setUp" finished-at="2025-06-12T14:09:37 EDT" duration-ms="3767" status="PASS">
          <reporter-output>
          </reporter-output>
        </test-method> <!-- setUp -->
        <test-method signature="registerTest()[pri:0, instance:com.tests.RegisterTest@79351f41]" started-at="2025-06-12T14:09:37 EDT" name="registerTest" finished-at="2025-06-12T14:09:41 EDT" duration-ms="3301" status="PASS">
          <reporter-output>
          </reporter-output>
        </test-method> <!-- registerTest -->
        <test-method is-config="true" signature="tearDown()[pri:0, instance:com.tests.RegisterTest@79351f41]" started-at="2025-06-12T14:09:41 EDT" name="tearDown" finished-at="2025-06-12T14:09:41 EDT" duration-ms="129" status="PASS">
          <reporter-output>
          </reporter-output>
        </test-method> <!-- tearDown -->
      </class> <!-- com.tests.RegisterTest -->
      <class name="com.tests.LoginTest">
        <test-method is-config="true" signature="setUp()[pri:0, instance:com.tests.LoginTest@49cb9cb5]" started-at="2025-06-12T14:09:24 EDT" name="setUp" finished-at="2025-06-12T14:09:30 EDT" duration-ms="5571" status="PASS">
          <reporter-output>
          </reporter-output>
        </test-method> <!-- setUp -->
        <test-method signature="login()[pri:0, instance:com.tests.LoginTest@49cb9cb5]" started-at="2025-06-12T14:09:30 EDT" name="login" finished-at="2025-06-12T14:09:33 EDT" duration-ms="3432" status="PASS">
          <reporter-output>
          </reporter-output>
        </test-method> <!-- login -->
        <test-method is-config="true" signature="tearDown()[pri:0, instance:com.tests.LoginTest@49cb9cb5]" started-at="2025-06-12T14:09:34 EDT" name="tearDown" finished-at="2025-06-12T14:09:34 EDT" duration-ms="172" status="PASS">
          <reporter-output>
          </reporter-output>
        </test-method> <!-- tearDown -->
      </class> <!-- com.tests.LoginTest -->
    </test> <!-- Test -->
  </suite> <!-- Suite -->
</testng-results>
